# JRE version: OpenJDK Runtime Environment Microsoft-12574423 (17.0.17+10) (build 17.0.17+10-LTS)
# Java VM: OpenJDK 64-Bit Server VM Microsoft-12574423 (17.0.17+10-LTS, mixed mode, sharing, tiered, compressed oops, compressed class ptrs, g1 gc, windows-amd64)
GC Precious Log:
 CPUs: 4 total, 4 available
 Memory: 4011M
 Large Page Support: Disabled
 NUMA Support: Disabled
 Compressed Oops: Enabled (32-bit)
 Heap Region Size: 1M
 Heap Min Capacity: 8M
 Heap Initial Capacity: 64M
 Heap Max Capacity: 1004M
 Pre-touch: Disabled
 Parallel Workers: 4
 Concurrent Workers: 1
 Concurrent Refinement Workers: 4
 Periodic GC: Disabled
Heap:
 garbage-first heap   total 86016K, used 46431K [0x00000000c1400000, 0x0000000100000000)
  region size 1024K, 2 young (2048K), 2 survivors (2048K)
 Metaspace       used 82879K, committed 83456K, reserved 1179648K
  class space    used 10999K, committed 11264K, reserved 1048576K
GC Heap History (20 events):
Event: 27.147 GC heap after
{Heap after GC invocations=19 (full 0):
 garbage-first heap   total 70656K, used 36638K [0x00000000c1400000, 0x0000000100000000)
  region size 1024K, 4 young (4096K), 4 survivors (4096K)
 Metaspace       used 51786K, committed 52288K, reserved 1114112K
  class space    used 6869K, committed 7104K, reserved 1048576K
}
Event: 28.099 GC heap before
{Heap before GC invocations=19 (full 0):
 garbage-first heap   total 70656K, used 53022K [0x00000000c1400000, 0x0000000100000000)
  region size 1024K, 22 young (22528K), 4 survivors (4096K)
 Metaspace       used 56786K, committed 57280K, reserved 1114112K
  class space    used 7570K, committed 7808K, reserved 1048576K
}
Event: 28.116 GC heap after
{Heap after GC invocations=20 (full 0):
 garbage-first heap   total 70656K, used 37700K [0x00000000c1400000, 0x0000000100000000)
  region size 1024K, 2 young (2048K), 2 survivors (2048K)
 Metaspace       used 56786K, committed 57280K, reserved 1114112K
  class space    used 7570K, committed 7808K, reserved 1048576K
}
Event: 29.048 GC heap before
{Heap before GC invocations=21 (full 0):
 garbage-first heap   total 70656K, used 57156K [0x00000000c1400000, 0x0000000100000000)
  region size 1024K, 21 young (21504K), 2 survivors (2048K)
 Metaspace       used 61634K, committed 62208K, reserved 1114112K
  class space    used 8422K, committed 8704K, reserved 1048576K
}
Event: 29.053 GC heap after
{Heap after GC invocations=22 (full 0):
 garbage-first heap   total 70656K, used 37840K [0x00000000c1400000, 0x0000000100000000)
  region size 1024K, 2 young (2048K), 2 survivors (2048K)
 Metaspace       used 61634K, committed 62208K, reserved 1114112K
  class space    used 8422K, committed 8704K, reserved 1048576K
}
Event: 30.060 GC heap before
{Heap before GC invocations=23 (full 0):
 garbage-first heap   total 70656K, used 57296K [0x00000000c1400000, 0x0000000100000000)
  region size 1024K, 21 young (21504K), 2 survivors (2048K)
 Metaspace       used 65199K, committed 65728K, reserved 1114112K
  class space    used 8899K, committed 9152K, reserved 1048576K
}
Event: 30.069 GC heap after
{Heap after GC invocations=24 (full 0):
 garbage-first heap   total 70656K, used 39352K [0x00000000c1400000, 0x0000000100000000)
  region size 1024K, 3 young (3072K), 3 survivors (3072K)
 Metaspace       used 65199K, committed 65728K, reserved 1114112K
  class space    used 8899K, committed 9152K, reserved 1048576K
}
Event: 31.678 GC heap before
{Heap before GC invocations=24 (full 0):
 garbage-first heap   total 70656K, used 57784K [0x00000000c1400000, 0x0000000100000000)
  region size 1024K, 21 young (21504K), 3 survivors (3072K)
 Metaspace       used 67865K, committed 68416K, reserved 1114112K
  class space    used 9276K, committed 9536K, reserved 1048576K
}
Event: 31.717 GC heap after
{Heap after GC invocations=25 (full 0):
 garbage-first heap   total 70656K, used 41240K [0x00000000c1400000, 0x0000000100000000)
  region size 1024K, 2 young (2048K), 2 survivors (2048K)
 Metaspace       used 67865K, committed 68416K, reserved 1114112K
  class space    used 9276K, committed 9536K, reserved 1048576K
}
Event: 32.920 GC heap before
{Heap before GC invocations=26 (full 0):
 garbage-first heap   total 75776K, used 57624K [0x00000000c1400000, 0x0000000100000000)
  region size 1024K, 18 young (18432K), 2 survivors (2048K)
 Metaspace       used 69828K, committed 70400K, reserved 1114112K
  class space    used 9545K, committed 9792K, reserved 1048576K
}
Event: 32.938 GC heap after
{Heap after GC invocations=27 (full 0):
 garbage-first heap   total 75776K, used 42929K [0x00000000c1400000, 0x0000000100000000)
  region size 1024K, 2 young (2048K), 2 survivors (2048K)
 Metaspace       used 69828K, committed 70400K, reserved 1114112K
  class space    used 9545K, committed 9792K, reserved 1048576K
}
Event: 32.986 GC heap before
{Heap before GC invocations=27 (full 0):
 garbage-first heap   total 75776K, used 43953K [0x00000000c1400000, 0x0000000100000000)
  region size 1024K, 3 young (3072K), 2 survivors (2048K)
 Metaspace       used 69867K, committed 70400K, reserved 1114112K
  class space    used 9550K, committed 9792K, reserved 1048576K
}
Event: 32.998 GC heap after
{Heap after GC invocations=28 (full 0):
 garbage-first heap   total 75776K, used 42674K [0x00000000c1400000, 0x0000000100000000)
  region size 1024K, 1 young (1024K), 1 survivors (1024K)
 Metaspace       used 69867K, committed 70400K, reserved 1114112K
  class space    used 9550K, committed 9792K, reserved 1048576K
}
Event: 34.442 GC heap before
{Heap before GC invocations=28 (full 0):
 garbage-first heap   total 75776K, used 61106K [0x00000000c1400000, 0x0000000100000000)
  region size 1024K, 19 young (19456K), 1 survivors (1024K)
 Metaspace       used 72362K, committed 72896K, reserved 1114112K
  class space    used 9927K, committed 10176K, reserved 1048576K
}
Event: 34.453 GC heap after
{Heap after GC invocations=29 (full 0):
 garbage-first heap   total 75776K, used 44420K [0x00000000c1400000, 0x0000000100000000)
  region size 1024K, 3 young (3072K), 3 survivors (3072K)
 Metaspace       used 72362K, committed 72896K, reserved 1114112K
  class space    used 9927K, committed 10176K, reserved 1048576K
}
Event: 36.362 GC heap before
{Heap before GC invocations=30 (full 0):
 garbage-first heap   total 86016K, used 58756K [0x00000000c1400000, 0x0000000100000000)
  region size 1024K, 18 young (18432K), 3 survivors (3072K)
 Metaspace       used 76802K, committed 77440K, reserved 1179648K
  class space    used 10371K, committed 10688K, reserved 1048576K
}
Event: 36.395 GC heap after
{Heap after GC invocations=31 (full 0):
 garbage-first heap   total 86016K, used 45904K [0x00000000c1400000, 0x0000000100000000)
  region size 1024K, 2 young (2048K), 2 survivors (2048K)
 Metaspace       used 76802K, committed 77440K, reserved 1179648K
  class space    used 10371K, committed 10688K, reserved 1048576K
}
Event: 36.636 GC heap before
{Heap before GC invocations=31 (full 0):
 garbage-first heap   total 86016K, used 46928K [0x00000000c1400000, 0x0000000100000000)
  region size 1024K, 4 young (4096K), 2 survivors (2048K)
 Metaspace       used 77381K, committed 77952K, reserved 1179648K
  class space    used 10407K, committed 10688K, reserved 1048576K
}
Event: 36.668 GC heap after
{Heap after GC invocations=32 (full 0):
 garbage-first heap   total 86016K, used 45648K [0x00000000c1400000, 0x0000000100000000)
  region size 1024K, 1 young (1024K), 1 survivors (1024K)
 Metaspace       used 77381K, committed 77952K, reserved 1179648K
  class space    used 10407K, committed 10688K, reserved 1048576K
}
Event: 39.987 GC heap before
{Heap before GC invocations=32 (full 0):
 garbage-first heap   total 86016K, used 68176K [0x00000000c1400000, 0x0000000100000000)
  region size 1024K, 23 young (23552K), 1 survivors (1024K)
 Metaspace       used 82879K, committed 83456K, reserved 1179648K
  class space    used 10999K, committed 11264K, reserved 1048576K
}

